<?xml version="1.0" encoding="UTF-8" ?>
<testsuite tests="14" failures="0" name="junitMultithread.ControllerServiceTest" time="4.845" errors="14" skipped="0">
  <properties>
    <property name="idea.version" value="2017.3.5"/>
    <property name="java.runtime.name" value="Java(TM) SE Runtime Environment"/>
    <property name="sun.boot.library.path" value="/opt/java/jdk1.8.0_181/jre/lib/amd64"/>
    <property name="java.vm.version" value="25.181-b13"/>
    <property name="java.vm.vendor" value="Oracle Corporation"/>
    <property name="maven.multiModuleProjectDirectory" value="/home/karol/IdeaProjects/KarolMultithread"/>
    <property name="java.vendor.url" value="http://java.oracle.com/"/>
    <property name="path.separator" value=":"/>
    <property name="guice.disable.misplaced.annotation.check" value="true"/>
    <property name="java.vm.name" value="Java HotSpot(TM) 64-Bit Server VM"/>
    <property name="file.encoding.pkg" value="sun.io"/>
    <property name="user.country" value="PL"/>
    <property name="sun.java.launcher" value="SUN_STANDARD"/>
    <property name="sun.os.patch.level" value="unknown"/>
    <property name="java.vm.specification.name" value="Java Virtual Machine Specification"/>
    <property name="user.dir" value="/home/karol/IdeaProjects/KarolMultithread"/>
    <property name="java.runtime.version" value="1.8.0_181-b13"/>
    <property name="java.awt.graphicsenv" value="sun.awt.X11GraphicsEnvironment"/>
    <property name="java.endorsed.dirs" value="/opt/java/jdk1.8.0_181/jre/lib/endorsed"/>
    <property name="os.arch" value="amd64"/>
    <property name="java.io.tmpdir" value="/tmp"/>
    <property name="line.separator" value="
"/>
    <property name="java.vm.specification.vendor" value="Oracle Corporation"/>
    <property name="os.name" value="Linux"/>
    <property name="classworlds.conf" value="/opt/idea-IC-173.4674.33/plugins/maven/lib/maven3/bin/m2.conf"/>
    <property name="sun.jnu.encoding" value="UTF-8"/>
    <property name="java.library.path" value="/usr/java/packages/lib/amd64:/usr/lib64:/lib64:/lib:/usr/lib"/>
    <property name="java.specification.name" value="Java Platform API Specification"/>
    <property name="java.class.version" value="52.0"/>
    <property name="sun.management.compiler" value="HotSpot 64-Bit Tiered Compilers"/>
    <property name="os.version" value="4.13.0-39-generic"/>
    <property name="user.home" value="/home/karol"/>
    <property name="user.timezone" value="Europe/Warsaw"/>
    <property name="java.awt.printerjob" value="sun.print.PSPrinterJob"/>
    <property name="java.specification.version" value="1.8"/>
    <property name="file.encoding" value="UTF-8"/>
    <property name="user.name" value="karol"/>
    <property name="java.class.path" value="/opt/idea-IC-173.4674.33/plugins/maven/lib/maven3/boot/plexus-classworlds-2.5.2.jar:/opt/idea-IC-173.4674.33/lib/idea_rt.jar"/>
    <property name="java.vm.specification.version" value="1.8"/>
    <property name="sun.arch.data.model" value="64"/>
    <property name="java.home" value="/opt/java/jdk1.8.0_181/jre"/>
    <property name="sun.java.command" value="org.codehaus.classworlds.Launcher -Didea.version=2017.3.5 test"/>
    <property name="java.specification.vendor" value="Oracle Corporation"/>
    <property name="user.language" value="pl"/>
    <property name="awt.toolkit" value="sun.awt.X11.XToolkit"/>
    <property name="java.vm.info" value="mixed mode"/>
    <property name="java.version" value="1.8.0_181"/>
    <property name="java.ext.dirs" value="/opt/java/jdk1.8.0_181/jre/lib/ext:/usr/java/packages/lib/ext"/>
    <property name="securerandom.source" value="file:/dev/./urandom"/>
    <property name="sun.boot.class.path" value="/opt/java/jdk1.8.0_181/jre/lib/resources.jar:/opt/java/jdk1.8.0_181/jre/lib/rt.jar:/opt/java/jdk1.8.0_181/jre/lib/sunrsasign.jar:/opt/java/jdk1.8.0_181/jre/lib/jsse.jar:/opt/java/jdk1.8.0_181/jre/lib/jce.jar:/opt/java/jdk1.8.0_181/jre/lib/charsets.jar:/opt/java/jdk1.8.0_181/jre/lib/jfr.jar:/opt/java/jdk1.8.0_181/jre/classes"/>
    <property name="java.vendor" value="Oracle Corporation"/>
    <property name="maven.home" value="/opt/idea-IC-173.4674.33/plugins/maven/lib/maven3"/>
    <property name="file.separator" value="/"/>
    <property name="java.vendor.url.bug" value="http://bugreport.sun.com/bugreport/"/>
    <property name="sun.cpu.endian" value="little"/>
    <property name="sun.io.unicode.encoding" value="UnicodeLittle"/>
    <property name="sun.desktop" value="gnome"/>
    <property name="sun.cpu.isalist" value=""/>
  </properties>
  <testcase classname="junitMultithread.ControllerServiceTest" name="shoulAddAccount" time="0.304">
    <error message="400 null" type="org.springframework.web.client.HttpClientErrorException">org.springframework.web.client.HttpClientErrorException: 400 null
	at org.springframework.web.client.DefaultResponseErrorHandler.handleError(DefaultResponseErrorHandler.java:94)
	at org.springframework.web.client.DefaultResponseErrorHandler.handleError(DefaultResponseErrorHandler.java:79)
	at org.springframework.web.client.ResponseErrorHandler.handleError(ResponseErrorHandler.java:63)
	at org.springframework.web.client.RestTemplate.handleResponse(RestTemplate.java:766)
	at org.springframework.web.client.RestTemplate.doExecute(RestTemplate.java:724)
	at org.springframework.web.client.RestTemplate.execute(RestTemplate.java:680)
	at org.springframework.web.client.RestTemplate.exchange(RestTemplate.java:600)
	at junitMultithread.ControllerServiceTest.shoulAddAccount(ControllerServiceTest.java:49)
	at sun.reflect.NativeMethodAccessorImpl.invoke0(Native Method)
	at sun.reflect.NativeMethodAccessorImpl.invoke(NativeMethodAccessorImpl.java:62)
	at sun.reflect.DelegatingMethodAccessorImpl.invoke(DelegatingMethodAccessorImpl.java:43)
	at java.lang.reflect.Method.invoke(Method.java:498)
	at org.junit.runners.model.FrameworkMethod$1.runReflectiveCall(FrameworkMethod.java:50)
	at org.junit.internal.runners.model.ReflectiveCallable.run(ReflectiveCallable.java:12)
	at org.junit.runners.model.FrameworkMethod.invokeExplosively(FrameworkMethod.java:47)
	at org.junit.internal.runners.statements.InvokeMethod.evaluate(InvokeMethod.java:17)
	at com.anarsoft.vmlens.concurrent.junit.internal.ConcurrentStatement.evaluateStatement(ConcurrentStatement.java:12)
	at com.anarsoft.vmlens.concurrent.junit.internal.ConcurrentStatement.evaluate(ConcurrentStatement.java:43)
	at com.anarsoft.vmlens.concurrent.junit.internal.ParallelExecutorThread.run(ParallelExecutorThread.java:29)
</error>
    <system-out>Status code: 200, body: []
Status code: 200, body: [{&quot;id&quot;:4,&quot;name&quot;:&quot;Jacek Millenium Bank savings&quot;,&quot;balance&quot;:&quot;1000.00&quot;},{&quot;id&quot;:5,&quot;name&quot;:&quot;Jacek Millenium Bank savings&quot;,&quot;balance&quot;:&quot;1000.00&quot;}]
Status code: 200, body: [{&quot;id&quot;:4,&quot;name&quot;:&quot;Jacek Millenium Bank savings&quot;,&quot;balance&quot;:&quot;1000.00&quot;}]
Status code: 200, body: [{&quot;id&quot;:4,&quot;name&quot;:&quot;Jacek Millenium Bank savings&quot;,&quot;balance&quot;:&quot;1000.00&quot;}]
Status code: 200, body: 4
Status code: 200, body: 5
Status code: 200, body: [{&quot;id&quot;:4,&quot;name&quot;:&quot;Jacek Millenium Bank savings&quot;,&quot;balance&quot;:&quot;1000.00&quot;}]
Status code: 200, body: []
Status code: 200, body: [{&quot;id&quot;:4,&quot;name&quot;:&quot;Jacek Millenium Bank savings&quot;,&quot;balance&quot;:&quot;1000.00&quot;},{&quot;id&quot;:5,&quot;name&quot;:&quot;Jacek Millenium Bank savings&quot;,&quot;balance&quot;:&quot;1000.00&quot;}]
Status code: 200, body: [{&quot;id&quot;:4,&quot;name&quot;:&quot;Jacek Millenium Bank savings&quot;,&quot;balance&quot;:&quot;1000.00&quot;},{&quot;id&quot;:5,&quot;name&quot;:&quot;Jacek Millenium Bank savings&quot;,&quot;balance&quot;:&quot;1000.00&quot;}]
</system-out>
  </testcase>
  <testcase classname="junitMultithread.ControllerServiceTest" name="shoulAddAccount" time="0.312">
    <error message="400 null" type="org.springframework.web.client.HttpClientErrorException">org.springframework.web.client.HttpClientErrorException: 400 null
	at org.springframework.web.client.DefaultResponseErrorHandler.handleError(DefaultResponseErrorHandler.java:94)
	at org.springframework.web.client.DefaultResponseErrorHandler.handleError(DefaultResponseErrorHandler.java:79)
	at org.springframework.web.client.ResponseErrorHandler.handleError(ResponseErrorHandler.java:63)
	at org.springframework.web.client.RestTemplate.handleResponse(RestTemplate.java:766)
	at org.springframework.web.client.RestTemplate.doExecute(RestTemplate.java:724)
	at org.springframework.web.client.RestTemplate.execute(RestTemplate.java:680)
	at org.springframework.web.client.RestTemplate.exchange(RestTemplate.java:600)
	at junitMultithread.ControllerServiceTest.shoulAddAccount(ControllerServiceTest.java:49)
	at sun.reflect.NativeMethodAccessorImpl.invoke0(Native Method)
	at sun.reflect.NativeMethodAccessorImpl.invoke(NativeMethodAccessorImpl.java:62)
	at sun.reflect.DelegatingMethodAccessorImpl.invoke(DelegatingMethodAccessorImpl.java:43)
	at java.lang.reflect.Method.invoke(Method.java:498)
	at org.junit.runners.model.FrameworkMethod$1.runReflectiveCall(FrameworkMethod.java:50)
	at org.junit.internal.runners.model.ReflectiveCallable.run(ReflectiveCallable.java:12)
	at org.junit.runners.model.FrameworkMethod.invokeExplosively(FrameworkMethod.java:47)
	at org.junit.internal.runners.statements.InvokeMethod.evaluate(InvokeMethod.java:17)
	at com.anarsoft.vmlens.concurrent.junit.internal.ConcurrentStatement.evaluateStatement(ConcurrentStatement.java:12)
	at com.anarsoft.vmlens.concurrent.junit.internal.ConcurrentStatement.evaluate(ConcurrentStatement.java:43)
	at com.anarsoft.vmlens.concurrent.junit.internal.ParallelExecutorThread.run(ParallelExecutorThread.java:29)
</error>
  </testcase>
  <testcase classname="junitMultithread.ControllerServiceTest" name="shoulAddAccount" time="0.313">
    <error message="400 null" type="org.springframework.web.client.HttpClientErrorException">org.springframework.web.client.HttpClientErrorException: 400 null
	at org.springframework.web.client.DefaultResponseErrorHandler.handleError(DefaultResponseErrorHandler.java:94)
	at org.springframework.web.client.DefaultResponseErrorHandler.handleError(DefaultResponseErrorHandler.java:79)
	at org.springframework.web.client.ResponseErrorHandler.handleError(ResponseErrorHandler.java:63)
	at org.springframework.web.client.RestTemplate.handleResponse(RestTemplate.java:766)
	at org.springframework.web.client.RestTemplate.doExecute(RestTemplate.java:724)
	at org.springframework.web.client.RestTemplate.execute(RestTemplate.java:680)
	at org.springframework.web.client.RestTemplate.exchange(RestTemplate.java:600)
	at junitMultithread.ControllerServiceTest.shoulAddAccount(ControllerServiceTest.java:49)
	at sun.reflect.NativeMethodAccessorImpl.invoke0(Native Method)
	at sun.reflect.NativeMethodAccessorImpl.invoke(NativeMethodAccessorImpl.java:62)
	at sun.reflect.DelegatingMethodAccessorImpl.invoke(DelegatingMethodAccessorImpl.java:43)
	at java.lang.reflect.Method.invoke(Method.java:498)
	at org.junit.runners.model.FrameworkMethod$1.runReflectiveCall(FrameworkMethod.java:50)
	at org.junit.internal.runners.model.ReflectiveCallable.run(ReflectiveCallable.java:12)
	at org.junit.runners.model.FrameworkMethod.invokeExplosively(FrameworkMethod.java:47)
	at org.junit.internal.runners.statements.InvokeMethod.evaluate(InvokeMethod.java:17)
	at com.anarsoft.vmlens.concurrent.junit.internal.ConcurrentStatement.evaluateStatement(ConcurrentStatement.java:12)
	at com.anarsoft.vmlens.concurrent.junit.internal.ConcurrentStatement.evaluate(ConcurrentStatement.java:43)
	at com.anarsoft.vmlens.concurrent.junit.internal.ParallelExecutorThread.run(ParallelExecutorThread.java:29)
</error>
  </testcase>
  <testcase classname="junitMultithread.ControllerServiceTest" name="shoulAddAccount" time="0.315">
    <error message="400 null" type="org.springframework.web.client.HttpClientErrorException">org.springframework.web.client.HttpClientErrorException: 400 null
	at org.springframework.web.client.DefaultResponseErrorHandler.handleError(DefaultResponseErrorHandler.java:94)
	at org.springframework.web.client.DefaultResponseErrorHandler.handleError(DefaultResponseErrorHandler.java:79)
	at org.springframework.web.client.ResponseErrorHandler.handleError(ResponseErrorHandler.java:63)
	at org.springframework.web.client.RestTemplate.handleResponse(RestTemplate.java:766)
	at org.springframework.web.client.RestTemplate.doExecute(RestTemplate.java:724)
	at org.springframework.web.client.RestTemplate.execute(RestTemplate.java:680)
	at org.springframework.web.client.RestTemplate.exchange(RestTemplate.java:600)
	at junitMultithread.ControllerServiceTest.shoulAddAccount(ControllerServiceTest.java:49)
	at sun.reflect.NativeMethodAccessorImpl.invoke0(Native Method)
	at sun.reflect.NativeMethodAccessorImpl.invoke(NativeMethodAccessorImpl.java:62)
	at sun.reflect.DelegatingMethodAccessorImpl.invoke(DelegatingMethodAccessorImpl.java:43)
	at java.lang.reflect.Method.invoke(Method.java:498)
	at org.junit.runners.model.FrameworkMethod$1.runReflectiveCall(FrameworkMethod.java:50)
	at org.junit.internal.runners.model.ReflectiveCallable.run(ReflectiveCallable.java:12)
	at org.junit.runners.model.FrameworkMethod.invokeExplosively(FrameworkMethod.java:47)
	at org.junit.internal.runners.statements.InvokeMethod.evaluate(InvokeMethod.java:17)
	at com.anarsoft.vmlens.concurrent.junit.internal.ConcurrentStatement.evaluateStatement(ConcurrentStatement.java:12)
	at com.anarsoft.vmlens.concurrent.junit.internal.ConcurrentStatement.evaluate(ConcurrentStatement.java:43)
	at com.anarsoft.vmlens.concurrent.junit.internal.ParallelExecutorThread.run(ParallelExecutorThread.java:29)
</error>
  </testcase>
  <testcase classname="junitMultithread.ControllerServiceTest" name="shoulAddAccount" time="0.316">
    <error message="400 null" type="org.springframework.web.client.HttpClientErrorException">org.springframework.web.client.HttpClientErrorException: 400 null
	at org.springframework.web.client.DefaultResponseErrorHandler.handleError(DefaultResponseErrorHandler.java:94)
	at org.springframework.web.client.DefaultResponseErrorHandler.handleError(DefaultResponseErrorHandler.java:79)
	at org.springframework.web.client.ResponseErrorHandler.handleError(ResponseErrorHandler.java:63)
	at org.springframework.web.client.RestTemplate.handleResponse(RestTemplate.java:766)
	at org.springframework.web.client.RestTemplate.doExecute(RestTemplate.java:724)
	at org.springframework.web.client.RestTemplate.execute(RestTemplate.java:680)
	at org.springframework.web.client.RestTemplate.exchange(RestTemplate.java:600)
	at junitMultithread.ControllerServiceTest.shoulAddAccount(ControllerServiceTest.java:49)
	at sun.reflect.NativeMethodAccessorImpl.invoke0(Native Method)
	at sun.reflect.NativeMethodAccessorImpl.invoke(NativeMethodAccessorImpl.java:62)
	at sun.reflect.DelegatingMethodAccessorImpl.invoke(DelegatingMethodAccessorImpl.java:43)
	at java.lang.reflect.Method.invoke(Method.java:498)
	at org.junit.runners.model.FrameworkMethod$1.runReflectiveCall(FrameworkMethod.java:50)
	at org.junit.internal.runners.model.ReflectiveCallable.run(ReflectiveCallable.java:12)
	at org.junit.runners.model.FrameworkMethod.invokeExplosively(FrameworkMethod.java:47)
	at org.junit.internal.runners.statements.InvokeMethod.evaluate(InvokeMethod.java:17)
	at com.anarsoft.vmlens.concurrent.junit.internal.ConcurrentStatement.evaluateStatement(ConcurrentStatement.java:12)
	at com.anarsoft.vmlens.concurrent.junit.internal.ConcurrentStatement.evaluate(ConcurrentStatement.java:43)
	at com.anarsoft.vmlens.concurrent.junit.internal.ParallelExecutorThread.run(ParallelExecutorThread.java:29)
</error>
  </testcase>
  <testcase classname="junitMultithread.ControllerServiceTest" name="shoulAddAccount" time="0.357">
    <error message="400 null" type="org.springframework.web.client.HttpClientErrorException">org.springframework.web.client.HttpClientErrorException: 400 null
	at org.springframework.web.client.DefaultResponseErrorHandler.handleError(DefaultResponseErrorHandler.java:94)
	at org.springframework.web.client.DefaultResponseErrorHandler.handleError(DefaultResponseErrorHandler.java:79)
	at org.springframework.web.client.ResponseErrorHandler.handleError(ResponseErrorHandler.java:63)
	at org.springframework.web.client.RestTemplate.handleResponse(RestTemplate.java:766)
	at org.springframework.web.client.RestTemplate.doExecute(RestTemplate.java:724)
	at org.springframework.web.client.RestTemplate.execute(RestTemplate.java:680)
	at org.springframework.web.client.RestTemplate.exchange(RestTemplate.java:600)
	at junitMultithread.ControllerServiceTest.shoulAddAccount(ControllerServiceTest.java:49)
	at sun.reflect.NativeMethodAccessorImpl.invoke0(Native Method)
	at sun.reflect.NativeMethodAccessorImpl.invoke(NativeMethodAccessorImpl.java:62)
	at sun.reflect.DelegatingMethodAccessorImpl.invoke(DelegatingMethodAccessorImpl.java:43)
	at java.lang.reflect.Method.invoke(Method.java:498)
	at org.junit.runners.model.FrameworkMethod$1.runReflectiveCall(FrameworkMethod.java:50)
	at org.junit.internal.runners.model.ReflectiveCallable.run(ReflectiveCallable.java:12)
	at org.junit.runners.model.FrameworkMethod.invokeExplosively(FrameworkMethod.java:47)
	at org.junit.internal.runners.statements.InvokeMethod.evaluate(InvokeMethod.java:17)
	at com.anarsoft.vmlens.concurrent.junit.internal.ConcurrentStatement.evaluateStatement(ConcurrentStatement.java:12)
	at com.anarsoft.vmlens.concurrent.junit.internal.ConcurrentStatement.evaluate(ConcurrentStatement.java:43)
	at com.anarsoft.vmlens.concurrent.junit.internal.ParallelExecutorThread.run(ParallelExecutorThread.java:29)
</error>
  </testcase>
  <testcase classname="junitMultithread.ControllerServiceTest" name="shouldReturnErrorCausedByEmptyNameAndEmptyBalanceFields" time="0.357">
    <error message="400 null" type="org.springframework.web.client.HttpClientErrorException">org.springframework.web.client.HttpClientErrorException: 400 null
	at org.springframework.web.client.DefaultResponseErrorHandler.handleError(DefaultResponseErrorHandler.java:94)
	at org.springframework.web.client.DefaultResponseErrorHandler.handleError(DefaultResponseErrorHandler.java:79)
	at org.springframework.web.client.ResponseErrorHandler.handleError(ResponseErrorHandler.java:63)
	at org.springframework.web.client.RestTemplate.handleResponse(RestTemplate.java:766)
	at org.springframework.web.client.RestTemplate.doExecute(RestTemplate.java:724)
	at org.springframework.web.client.RestTemplate.execute(RestTemplate.java:680)
	at org.springframework.web.client.RestTemplate.exchange(RestTemplate.java:600)
	at junitMultithread.ControllerServiceTest.shouldReturnErrorCausedByEmptyNameAndEmptyBalanceFields(ControllerServiceTest.java:67)
	at sun.reflect.NativeMethodAccessorImpl.invoke0(Native Method)
	at sun.reflect.NativeMethodAccessorImpl.invoke(NativeMethodAccessorImpl.java:62)
	at sun.reflect.DelegatingMethodAccessorImpl.invoke(DelegatingMethodAccessorImpl.java:43)
	at java.lang.reflect.Method.invoke(Method.java:498)
	at org.junit.runners.model.FrameworkMethod$1.runReflectiveCall(FrameworkMethod.java:50)
	at org.junit.internal.runners.model.ReflectiveCallable.run(ReflectiveCallable.java:12)
	at org.junit.runners.model.FrameworkMethod.invokeExplosively(FrameworkMethod.java:47)
	at org.junit.internal.runners.statements.InvokeMethod.evaluate(InvokeMethod.java:17)
	at com.anarsoft.vmlens.concurrent.junit.internal.ConcurrentStatement.evaluateStatement(ConcurrentStatement.java:12)
	at com.anarsoft.vmlens.concurrent.junit.internal.ConcurrentStatement.evaluate(ConcurrentStatement.java:43)
	at com.anarsoft.vmlens.concurrent.junit.internal.ParallelExecutorThread.run(ParallelExecutorThread.java:29)
</error>
  </testcase>
  <testcase classname="junitMultithread.ControllerServiceTest" name="shouldReturnErrorCausedByEmptyNameAndEmptyBalanceFields" time="0.357">
    <error message="400 null" type="org.springframework.web.client.HttpClientErrorException">org.springframework.web.client.HttpClientErrorException: 400 null
	at org.springframework.web.client.DefaultResponseErrorHandler.handleError(DefaultResponseErrorHandler.java:94)
	at org.springframework.web.client.DefaultResponseErrorHandler.handleError(DefaultResponseErrorHandler.java:79)
	at org.springframework.web.client.ResponseErrorHandler.handleError(ResponseErrorHandler.java:63)
	at org.springframework.web.client.RestTemplate.handleResponse(RestTemplate.java:766)
	at org.springframework.web.client.RestTemplate.doExecute(RestTemplate.java:724)
	at org.springframework.web.client.RestTemplate.execute(RestTemplate.java:680)
	at org.springframework.web.client.RestTemplate.exchange(RestTemplate.java:600)
	at junitMultithread.ControllerServiceTest.shouldReturnErrorCausedByEmptyNameAndEmptyBalanceFields(ControllerServiceTest.java:67)
	at sun.reflect.NativeMethodAccessorImpl.invoke0(Native Method)
	at sun.reflect.NativeMethodAccessorImpl.invoke(NativeMethodAccessorImpl.java:62)
	at sun.reflect.DelegatingMethodAccessorImpl.invoke(DelegatingMethodAccessorImpl.java:43)
	at java.lang.reflect.Method.invoke(Method.java:498)
	at org.junit.runners.model.FrameworkMethod$1.runReflectiveCall(FrameworkMethod.java:50)
	at org.junit.internal.runners.model.ReflectiveCallable.run(ReflectiveCallable.java:12)
	at org.junit.runners.model.FrameworkMethod.invokeExplosively(FrameworkMethod.java:47)
	at org.junit.internal.runners.statements.InvokeMethod.evaluate(InvokeMethod.java:17)
	at com.anarsoft.vmlens.concurrent.junit.internal.ConcurrentStatement.evaluateStatement(ConcurrentStatement.java:12)
	at com.anarsoft.vmlens.concurrent.junit.internal.ConcurrentStatement.evaluate(ConcurrentStatement.java:43)
	at com.anarsoft.vmlens.concurrent.junit.internal.ParallelExecutorThread.run(ParallelExecutorThread.java:29)
</error>
  </testcase>
  <testcase classname="junitMultithread.ControllerServiceTest" name="shouldReturnErrorCausedByEmptyNameAndEmptyBalanceFields" time="0.361">
    <error message="400 null" type="org.springframework.web.client.HttpClientErrorException">org.springframework.web.client.HttpClientErrorException: 400 null
	at org.springframework.web.client.DefaultResponseErrorHandler.handleError(DefaultResponseErrorHandler.java:94)
	at org.springframework.web.client.DefaultResponseErrorHandler.handleError(DefaultResponseErrorHandler.java:79)
	at org.springframework.web.client.ResponseErrorHandler.handleError(ResponseErrorHandler.java:63)
	at org.springframework.web.client.RestTemplate.handleResponse(RestTemplate.java:766)
	at org.springframework.web.client.RestTemplate.doExecute(RestTemplate.java:724)
	at org.springframework.web.client.RestTemplate.execute(RestTemplate.java:680)
	at org.springframework.web.client.RestTemplate.exchange(RestTemplate.java:600)
	at junitMultithread.ControllerServiceTest.shouldReturnErrorCausedByEmptyNameAndEmptyBalanceFields(ControllerServiceTest.java:67)
	at sun.reflect.NativeMethodAccessorImpl.invoke0(Native Method)
	at sun.reflect.NativeMethodAccessorImpl.invoke(NativeMethodAccessorImpl.java:62)
	at sun.reflect.DelegatingMethodAccessorImpl.invoke(DelegatingMethodAccessorImpl.java:43)
	at java.lang.reflect.Method.invoke(Method.java:498)
	at org.junit.runners.model.FrameworkMethod$1.runReflectiveCall(FrameworkMethod.java:50)
	at org.junit.internal.runners.model.ReflectiveCallable.run(ReflectiveCallable.java:12)
	at org.junit.runners.model.FrameworkMethod.invokeExplosively(FrameworkMethod.java:47)
	at org.junit.internal.runners.statements.InvokeMethod.evaluate(InvokeMethod.java:17)
	at com.anarsoft.vmlens.concurrent.junit.internal.ConcurrentStatement.evaluateStatement(ConcurrentStatement.java:12)
	at com.anarsoft.vmlens.concurrent.junit.internal.ConcurrentStatement.evaluate(ConcurrentStatement.java:43)
	at com.anarsoft.vmlens.concurrent.junit.internal.ParallelExecutorThread.run(ParallelExecutorThread.java:29)
</error>
  </testcase>
  <testcase classname="junitMultithread.ControllerServiceTest" name="shouldReturnErrorCausedByEmptyNameAndEmptyBalanceFields" time="0.369">
    <error message="400 null" type="org.springframework.web.client.HttpClientErrorException">org.springframework.web.client.HttpClientErrorException: 400 null
	at org.springframework.web.client.DefaultResponseErrorHandler.handleError(DefaultResponseErrorHandler.java:94)
	at org.springframework.web.client.DefaultResponseErrorHandler.handleError(DefaultResponseErrorHandler.java:79)
	at org.springframework.web.client.ResponseErrorHandler.handleError(ResponseErrorHandler.java:63)
	at org.springframework.web.client.RestTemplate.handleResponse(RestTemplate.java:766)
	at org.springframework.web.client.RestTemplate.doExecute(RestTemplate.java:724)
	at org.springframework.web.client.RestTemplate.execute(RestTemplate.java:680)
	at org.springframework.web.client.RestTemplate.exchange(RestTemplate.java:600)
	at junitMultithread.ControllerServiceTest.shouldReturnErrorCausedByEmptyNameAndEmptyBalanceFields(ControllerServiceTest.java:67)
	at sun.reflect.NativeMethodAccessorImpl.invoke0(Native Method)
	at sun.reflect.NativeMethodAccessorImpl.invoke(NativeMethodAccessorImpl.java:62)
	at sun.reflect.DelegatingMethodAccessorImpl.invoke(DelegatingMethodAccessorImpl.java:43)
	at java.lang.reflect.Method.invoke(Method.java:498)
	at org.junit.runners.model.FrameworkMethod$1.runReflectiveCall(FrameworkMethod.java:50)
	at org.junit.internal.runners.model.ReflectiveCallable.run(ReflectiveCallable.java:12)
	at org.junit.runners.model.FrameworkMethod.invokeExplosively(FrameworkMethod.java:47)
	at org.junit.internal.runners.statements.InvokeMethod.evaluate(InvokeMethod.java:17)
	at com.anarsoft.vmlens.concurrent.junit.internal.ConcurrentStatement.evaluateStatement(ConcurrentStatement.java:12)
	at com.anarsoft.vmlens.concurrent.junit.internal.ConcurrentStatement.evaluate(ConcurrentStatement.java:43)
	at com.anarsoft.vmlens.concurrent.junit.internal.ParallelExecutorThread.run(ParallelExecutorThread.java:29)
</error>
  </testcase>
  <testcase classname="junitMultithread.ControllerServiceTest" name="shouldReturnErrorCausedByEmptyNameAndEmptyBalanceFields" time="0.37">
    <error message="400 null" type="org.springframework.web.client.HttpClientErrorException">org.springframework.web.client.HttpClientErrorException: 400 null
	at org.springframework.web.client.DefaultResponseErrorHandler.handleError(DefaultResponseErrorHandler.java:94)
	at org.springframework.web.client.DefaultResponseErrorHandler.handleError(DefaultResponseErrorHandler.java:79)
	at org.springframework.web.client.ResponseErrorHandler.handleError(ResponseErrorHandler.java:63)
	at org.springframework.web.client.RestTemplate.handleResponse(RestTemplate.java:766)
	at org.springframework.web.client.RestTemplate.doExecute(RestTemplate.java:724)
	at org.springframework.web.client.RestTemplate.execute(RestTemplate.java:680)
	at org.springframework.web.client.RestTemplate.exchange(RestTemplate.java:600)
	at junitMultithread.ControllerServiceTest.shouldReturnErrorCausedByEmptyNameAndEmptyBalanceFields(ControllerServiceTest.java:67)
	at sun.reflect.NativeMethodAccessorImpl.invoke0(Native Method)
	at sun.reflect.NativeMethodAccessorImpl.invoke(NativeMethodAccessorImpl.java:62)
	at sun.reflect.DelegatingMethodAccessorImpl.invoke(DelegatingMethodAccessorImpl.java:43)
	at java.lang.reflect.Method.invoke(Method.java:498)
	at org.junit.runners.model.FrameworkMethod$1.runReflectiveCall(FrameworkMethod.java:50)
	at org.junit.internal.runners.model.ReflectiveCallable.run(ReflectiveCallable.java:12)
	at org.junit.runners.model.FrameworkMethod.invokeExplosively(FrameworkMethod.java:47)
	at org.junit.internal.runners.statements.InvokeMethod.evaluate(InvokeMethod.java:17)
	at com.anarsoft.vmlens.concurrent.junit.internal.ConcurrentStatement.evaluateStatement(ConcurrentStatement.java:12)
	at com.anarsoft.vmlens.concurrent.junit.internal.ConcurrentStatement.evaluate(ConcurrentStatement.java:43)
	at com.anarsoft.vmlens.concurrent.junit.internal.ParallelExecutorThread.run(ParallelExecutorThread.java:29)
</error>
  </testcase>
  <testcase classname="junitMultithread.ControllerServiceTest" name="shouldReturnErrorCausedByEmptyNameAndEmptyBalanceFields" time="0.371">
    <error message="400 null" type="org.springframework.web.client.HttpClientErrorException">org.springframework.web.client.HttpClientErrorException: 400 null
	at org.springframework.web.client.DefaultResponseErrorHandler.handleError(DefaultResponseErrorHandler.java:94)
	at org.springframework.web.client.DefaultResponseErrorHandler.handleError(DefaultResponseErrorHandler.java:79)
	at org.springframework.web.client.ResponseErrorHandler.handleError(ResponseErrorHandler.java:63)
	at org.springframework.web.client.RestTemplate.handleResponse(RestTemplate.java:766)
	at org.springframework.web.client.RestTemplate.doExecute(RestTemplate.java:724)
	at org.springframework.web.client.RestTemplate.execute(RestTemplate.java:680)
	at org.springframework.web.client.RestTemplate.exchange(RestTemplate.java:600)
	at junitMultithread.ControllerServiceTest.shouldReturnErrorCausedByEmptyNameAndEmptyBalanceFields(ControllerServiceTest.java:67)
	at sun.reflect.NativeMethodAccessorImpl.invoke0(Native Method)
	at sun.reflect.NativeMethodAccessorImpl.invoke(NativeMethodAccessorImpl.java:62)
	at sun.reflect.DelegatingMethodAccessorImpl.invoke(DelegatingMethodAccessorImpl.java:43)
	at java.lang.reflect.Method.invoke(Method.java:498)
	at org.junit.runners.model.FrameworkMethod$1.runReflectiveCall(FrameworkMethod.java:50)
	at org.junit.internal.runners.model.ReflectiveCallable.run(ReflectiveCallable.java:12)
	at org.junit.runners.model.FrameworkMethod.invokeExplosively(FrameworkMethod.java:47)
	at org.junit.internal.runners.statements.InvokeMethod.evaluate(InvokeMethod.java:17)
	at com.anarsoft.vmlens.concurrent.junit.internal.ConcurrentStatement.evaluateStatement(ConcurrentStatement.java:12)
	at com.anarsoft.vmlens.concurrent.junit.internal.ConcurrentStatement.evaluate(ConcurrentStatement.java:43)
	at com.anarsoft.vmlens.concurrent.junit.internal.ParallelExecutorThread.run(ParallelExecutorThread.java:29)
</error>
  </testcase>
  <testcase classname="junitMultithread.ControllerServiceTest" name="shouldReturnErrorCausedByEmptyNameAndEmptyBalanceFields" time="0.371">
    <error message="400 null" type="org.springframework.web.client.HttpClientErrorException">org.springframework.web.client.HttpClientErrorException: 400 null
	at org.springframework.web.client.DefaultResponseErrorHandler.handleError(DefaultResponseErrorHandler.java:94)
	at org.springframework.web.client.DefaultResponseErrorHandler.handleError(DefaultResponseErrorHandler.java:79)
	at org.springframework.web.client.ResponseErrorHandler.handleError(ResponseErrorHandler.java:63)
	at org.springframework.web.client.RestTemplate.handleResponse(RestTemplate.java:766)
	at org.springframework.web.client.RestTemplate.doExecute(RestTemplate.java:724)
	at org.springframework.web.client.RestTemplate.execute(RestTemplate.java:680)
	at org.springframework.web.client.RestTemplate.exchange(RestTemplate.java:600)
	at junitMultithread.ControllerServiceTest.shouldReturnErrorCausedByEmptyNameAndEmptyBalanceFields(ControllerServiceTest.java:67)
	at sun.reflect.NativeMethodAccessorImpl.invoke0(Native Method)
	at sun.reflect.NativeMethodAccessorImpl.invoke(NativeMethodAccessorImpl.java:62)
	at sun.reflect.DelegatingMethodAccessorImpl.invoke(DelegatingMethodAccessorImpl.java:43)
	at java.lang.reflect.Method.invoke(Method.java:498)
	at org.junit.runners.model.FrameworkMethod$1.runReflectiveCall(FrameworkMethod.java:50)
	at org.junit.internal.runners.model.ReflectiveCallable.run(ReflectiveCallable.java:12)
	at org.junit.runners.model.FrameworkMethod.invokeExplosively(FrameworkMethod.java:47)
	at org.junit.internal.runners.statements.InvokeMethod.evaluate(InvokeMethod.java:17)
	at com.anarsoft.vmlens.concurrent.junit.internal.ConcurrentStatement.evaluateStatement(ConcurrentStatement.java:12)
	at com.anarsoft.vmlens.concurrent.junit.internal.ConcurrentStatement.evaluate(ConcurrentStatement.java:43)
	at com.anarsoft.vmlens.concurrent.junit.internal.ParallelExecutorThread.run(ParallelExecutorThread.java:29)
</error>
  </testcase>
  <testcase classname="junitMultithread.ControllerServiceTest" name="shouldReturnErrorCausedByEmptyNameAndEmptyBalanceFields" time="0.372">
    <error message="400 null" type="org.springframework.web.client.HttpClientErrorException">org.springframework.web.client.HttpClientErrorException: 400 null
	at org.springframework.web.client.DefaultResponseErrorHandler.handleError(DefaultResponseErrorHandler.java:94)
	at org.springframework.web.client.DefaultResponseErrorHandler.handleError(DefaultResponseErrorHandler.java:79)
	at org.springframework.web.client.ResponseErrorHandler.handleError(ResponseErrorHandler.java:63)
	at org.springframework.web.client.RestTemplate.handleResponse(RestTemplate.java:766)
	at org.springframework.web.client.RestTemplate.doExecute(RestTemplate.java:724)
	at org.springframework.web.client.RestTemplate.execute(RestTemplate.java:680)
	at org.springframework.web.client.RestTemplate.exchange(RestTemplate.java:600)
	at junitMultithread.ControllerServiceTest.shouldReturnErrorCausedByEmptyNameAndEmptyBalanceFields(ControllerServiceTest.java:67)
	at sun.reflect.NativeMethodAccessorImpl.invoke0(Native Method)
	at sun.reflect.NativeMethodAccessorImpl.invoke(NativeMethodAccessorImpl.java:62)
	at sun.reflect.DelegatingMethodAccessorImpl.invoke(DelegatingMethodAccessorImpl.java:43)
	at java.lang.reflect.Method.invoke(Method.java:498)
	at org.junit.runners.model.FrameworkMethod$1.runReflectiveCall(FrameworkMethod.java:50)
	at org.junit.internal.runners.model.ReflectiveCallable.run(ReflectiveCallable.java:12)
	at org.junit.runners.model.FrameworkMethod.invokeExplosively(FrameworkMethod.java:47)
	at org.junit.internal.runners.statements.InvokeMethod.evaluate(InvokeMethod.java:17)
	at com.anarsoft.vmlens.concurrent.junit.internal.ConcurrentStatement.evaluateStatement(ConcurrentStatement.java:12)
	at com.anarsoft.vmlens.concurrent.junit.internal.ConcurrentStatement.evaluate(ConcurrentStatement.java:43)
	at com.anarsoft.vmlens.concurrent.junit.internal.ParallelExecutorThread.run(ParallelExecutorThread.java:29)
</error>
  </testcase>
</testsuite>